{"name":"TECHCHALLENGE TECHCH001 Validation of Dropdown and Switch Window","status":"skipped","statusDetails":{"known":false,"muted":false,"flaky":false,"message":"\"Go to the Practice Page\" matches more than one step definition:\n  \"Go to the Practice Page\" in qa.stori.steps.dropswitchsteps.DropSwitchSteps.go_to_the_practice_page()\n  \"^Go to the Practice Page$\" in qa.stori.steps.alertssteps.AlertSteps.go_to_the_practice_page()","trace":"io.cucumber.core.runner.AmbiguousStepDefinitionsException: \"Go to the Practice Page\" matches more than one step definition:\n  \"Go to the Practice Page\" in qa.stori.steps.dropswitchsteps.DropSwitchSteps.go_to_the_practice_page()\n  \"^Go to the Practice Page$\" in qa.stori.steps.alertssteps.AlertSteps.go_to_the_practice_page()\r\n\tat io.cucumber.core.runner.CachingGlue.findStepDefinitionMatch(CachingGlue.java:373)\r\n\tat io.cucumber.core.runner.CachingGlue.stepDefinitionMatch(CachingGlue.java:341)\r\n\tat io.cucumber.core.runner.Runner.matchStepToStepDefinition(Runner.java:148)\r\n\tat io.cucumber.core.runner.Runner.createTestStepsForPickleSteps(Runner.java:128)\r\n\tat io.cucumber.core.runner.Runner.createTestCaseForPickle(Runner.java:111)\r\n\tat io.cucumber.core.runner.Runner.runPickle(Runner.java:72)\r\n\tat io.cucumber.testng.TestNGCucumberRunner.lambda$runScenario$1(TestNGCucumberRunner.java:134)\r\n\tat io.cucumber.core.runtime.CucumberExecutionContext.runTestCase(CucumberExecutionContext.java:117)\r\n\tat io.cucumber.testng.TestNGCucumberRunner.runScenario(TestNGCucumberRunner.java:131)\r\n\tat io.cucumber.testng.AbstractTestNGCucumberTests.runScenario(AbstractTestNGCucumberTests.java:31)\r\n\tat java.base/jdk.internal.reflect.DirectMethodHandleAccessor.invoke(DirectMethodHandleAccessor.java:104)\r\n\tat java.base/java.lang.reflect.Method.invoke(Method.java:577)\r\n\tat org.testng.internal.MethodInvocationHelper.invokeMethod(MethodInvocationHelper.java:133)\r\n\tat org.testng.internal.TestInvoker.invokeMethod(TestInvoker.java:598)\r\n\tat org.testng.internal.TestInvoker.invokeTestMethod(TestInvoker.java:173)\r\n\tat org.testng.internal.MethodRunner.runInSequence(MethodRunner.java:46)\r\n\tat org.testng.internal.TestInvoker$MethodInvocationAgent.invoke(TestInvoker.java:824)\r\n\tat org.testng.internal.TestInvoker.invokeTestMethods(TestInvoker.java:146)\r\n\tat org.testng.internal.TestMethodWorker.invokeTestMethods(TestMethodWorker.java:146)\r\n\tat org.testng.internal.TestMethodWorker.run(TestMethodWorker.java:128)\r\n\tat java.base/java.util.ArrayList.forEach(ArrayList.java:1511)\r\n\tat org.testng.TestRunner.privateRun(TestRunner.java:794)\r\n\tat org.testng.TestRunner.run(TestRunner.java:596)\r\n\tat org.testng.SuiteRunner.runTest(SuiteRunner.java:377)\r\n\tat org.testng.SuiteRunner.runSequentially(SuiteRunner.java:371)\r\n\tat org.testng.SuiteRunner.privateRun(SuiteRunner.java:332)\r\n\tat org.testng.SuiteRunner.run(SuiteRunner.java:276)\r\n\tat org.testng.SuiteRunnerWorker.runSuite(SuiteRunnerWorker.java:53)\r\n\tat org.testng.SuiteRunnerWorker.run(SuiteRunnerWorker.java:96)\r\n\tat org.testng.TestNG.runSuitesSequentially(TestNG.java:1212)\r\n\tat org.testng.TestNG.runSuitesLocally(TestNG.java:1134)\r\n\tat org.testng.TestNG.runSuites(TestNG.java:1063)\r\n\tat org.testng.TestNG.run(TestNG.java:1031)\r\n\tat com.intellij.rt.testng.IDEARemoteTestNG.run(IDEARemoteTestNG.java:66)\r\n\tat com.intellij.rt.testng.RemoteTestNGStarter.main(RemoteTestNGStarter.java:109)\r\n"},"stage":"finished","steps":[{"name":"Given  Go to the Practice Page","statusDetails":{"known":false,"muted":false,"flaky":false,"message":"\"Go to the Practice Page\" matches more than one step definition:\n  \"Go to the Practice Page\" in qa.stori.steps.dropswitchsteps.DropSwitchSteps.go_to_the_practice_page()\n  \"^Go to the Practice Page$\" in qa.stori.steps.alertssteps.AlertSteps.go_to_the_practice_page()","trace":"io.cucumber.core.runner.AmbiguousStepDefinitionsException: \"Go to the Practice Page\" matches more than one step definition:\n  \"Go to the Practice Page\" in qa.stori.steps.dropswitchsteps.DropSwitchSteps.go_to_the_practice_page()\n  \"^Go to the Practice Page$\" in qa.stori.steps.alertssteps.AlertSteps.go_to_the_practice_page()\r\n\tat io.cucumber.core.runner.CachingGlue.findStepDefinitionMatch(CachingGlue.java:373)\r\n\tat io.cucumber.core.runner.CachingGlue.stepDefinitionMatch(CachingGlue.java:341)\r\n\tat io.cucumber.core.runner.Runner.matchStepToStepDefinition(Runner.java:148)\r\n\tat io.cucumber.core.runner.Runner.createTestStepsForPickleSteps(Runner.java:128)\r\n\tat io.cucumber.core.runner.Runner.createTestCaseForPickle(Runner.java:111)\r\n\tat io.cucumber.core.runner.Runner.runPickle(Runner.java:72)\r\n\tat io.cucumber.testng.TestNGCucumberRunner.lambda$runScenario$1(TestNGCucumberRunner.java:134)\r\n\tat io.cucumber.core.runtime.CucumberExecutionContext.runTestCase(CucumberExecutionContext.java:117)\r\n\tat io.cucumber.testng.TestNGCucumberRunner.runScenario(TestNGCucumberRunner.java:131)\r\n\tat io.cucumber.testng.AbstractTestNGCucumberTests.runScenario(AbstractTestNGCucumberTests.java:31)\r\n\tat java.base/jdk.internal.reflect.DirectMethodHandleAccessor.invoke(DirectMethodHandleAccessor.java:104)\r\n\tat java.base/java.lang.reflect.Method.invoke(Method.java:577)\r\n\tat org.testng.internal.MethodInvocationHelper.invokeMethod(MethodInvocationHelper.java:133)\r\n\tat org.testng.internal.TestInvoker.invokeMethod(TestInvoker.java:598)\r\n\tat org.testng.internal.TestInvoker.invokeTestMethod(TestInvoker.java:173)\r\n\tat org.testng.internal.MethodRunner.runInSequence(MethodRunner.java:46)\r\n\tat org.testng.internal.TestInvoker$MethodInvocationAgent.invoke(TestInvoker.java:824)\r\n\tat org.testng.internal.TestInvoker.invokeTestMethods(TestInvoker.java:146)\r\n\tat org.testng.internal.TestMethodWorker.invokeTestMethods(TestMethodWorker.java:146)\r\n\tat org.testng.internal.TestMethodWorker.run(TestMethodWorker.java:128)\r\n\tat java.base/java.util.ArrayList.forEach(ArrayList.java:1511)\r\n\tat org.testng.TestRunner.privateRun(TestRunner.java:794)\r\n\tat org.testng.TestRunner.run(TestRunner.java:596)\r\n\tat org.testng.SuiteRunner.runTest(SuiteRunner.java:377)\r\n\tat org.testng.SuiteRunner.runSequentially(SuiteRunner.java:371)\r\n\tat org.testng.SuiteRunner.privateRun(SuiteRunner.java:332)\r\n\tat org.testng.SuiteRunner.run(SuiteRunner.java:276)\r\n\tat org.testng.SuiteRunnerWorker.runSuite(SuiteRunnerWorker.java:53)\r\n\tat org.testng.SuiteRunnerWorker.run(SuiteRunnerWorker.java:96)\r\n\tat org.testng.TestNG.runSuitesSequentially(TestNG.java:1212)\r\n\tat org.testng.TestNG.runSuitesLocally(TestNG.java:1134)\r\n\tat org.testng.TestNG.runSuites(TestNG.java:1063)\r\n\tat org.testng.TestNG.run(TestNG.java:1031)\r\n\tat com.intellij.rt.testng.IDEARemoteTestNG.run(IDEARemoteTestNG.java:66)\r\n\tat com.intellij.rt.testng.RemoteTestNGStarter.main(RemoteTestNGStarter.java:109)\r\n"},"stage":"finished","steps":[],"attachments":[],"parameters":[],"start":1659864485933,"stop":1659864485936},{"name":"And  Enter the word Me and select Mexico","status":"skipped","statusDetails":{"known":false,"muted":false,"flaky":false},"stage":"finished","steps":[],"attachments":[],"parameters":[],"start":1659864485937,"stop":1659864485937},{"name":"And  In the Dropdown Example select option two and then option three The user should be able to see the change","status":"skipped","statusDetails":{"known":false,"muted":false,"flaky":false},"stage":"finished","steps":[],"attachments":[],"parameters":[],"start":1659864485938,"stop":1659864485938},{"name":"And  In the Switch Window Example, click the Open Window button","status":"skipped","statusDetails":{"known":false,"muted":false,"flaky":false},"stage":"finished","steps":[],"attachments":[],"parameters":[],"start":1659864485938,"stop":1659864485938},{"name":"And  If the thirty day money back guarantee text is not shown it should fail","status":"skipped","statusDetails":{"known":false,"muted":false,"flaky":false},"stage":"finished","steps":[],"attachments":[],"parameters":[],"start":1659864485938,"stop":1659864485938},{"name":"Then  Close the new window","status":"skipped","statusDetails":{"known":false,"muted":false,"flaky":false},"stage":"finished","steps":[],"attachments":[],"parameters":[],"start":1659864485939,"stop":1659864485939}],"attachments":[],"parameters":[],"start":1659864484973,"stop":1659864485941,"uuid":"3e6b5631-58b3-4298-983a-58887aa53bf1","historyId":"b5c6423cb3e927f6cf3e4c51d22cb683","fullName":"Drop-Switch: TECHCHALLENGE TECHCH001 Validation of Dropdown and Switch Window","labels":[{"name":"tag","value":"Drop-Switch"},{"name":"host","value":"DESKTOP-DL76QKM"},{"name":"thread","value":"1252@DESKTOP-DL76QKM.main(1)"},{"name":"feature","value":"Drop-Switch"},{"name":"story","value":"TECHCHALLENGE TECHCH001 Validation of Dropdown and Switch Window"},{"name":"suite","value":"Drop-Switch"},{"name":"testClass","value":"TECHCHALLENGE TECHCH001 Validation of Dropdown and Switch Window"},{"name":"framework","value":"cucumber4jvm"},{"name":"language","value":"java"},{"name":"gherkin_uri","value":"file:///C:/Stori-QA-Automation-Challenge/src/test/java/tests/features/Drop-Switch.feature"},{"name":"package","value":"src.test.java.tests.features.Drop-Switch_feature.Drop-Switch"}],"links":[]}