{"name":"TECHCHALLENGE TECHCH003 Validation of Alerts","status":"skipped","statusDetails":{"known":false,"muted":false,"flaky":false,"message":"\"Go to the Practice Page\" matches more than one step definition:\n  \"Go to the Practice Page\" in qa.stori.steps.dropswitchsteps.DropSwitchSteps.go_to_the_practice_page()\n  \"^Go to the Practice Page$\" in qa.stori.steps.alertssteps.AlertSteps.go_to_the_practice_page()","trace":"io.cucumber.core.runner.AmbiguousStepDefinitionsException: \"Go to the Practice Page\" matches more than one step definition:\n  \"Go to the Practice Page\" in qa.stori.steps.dropswitchsteps.DropSwitchSteps.go_to_the_practice_page()\n  \"^Go to the Practice Page$\" in qa.stori.steps.alertssteps.AlertSteps.go_to_the_practice_page()\r\n\tat io.cucumber.core.runner.CachingGlue.findStepDefinitionMatch(CachingGlue.java:373)\r\n\tat io.cucumber.core.runner.CachingGlue.stepDefinitionMatch(CachingGlue.java:341)\r\n\tat io.cucumber.core.runner.Runner.matchStepToStepDefinition(Runner.java:148)\r\n\tat io.cucumber.core.runner.Runner.createTestStepsForPickleSteps(Runner.java:128)\r\n\tat io.cucumber.core.runner.Runner.createTestCaseForPickle(Runner.java:111)\r\n\tat io.cucumber.core.runner.Runner.runPickle(Runner.java:72)\r\n\tat io.cucumber.testng.TestNGCucumberRunner.lambda$runScenario$1(TestNGCucumberRunner.java:134)\r\n\tat io.cucumber.core.runtime.CucumberExecutionContext.runTestCase(CucumberExecutionContext.java:117)\r\n\tat io.cucumber.testng.TestNGCucumberRunner.runScenario(TestNGCucumberRunner.java:131)\r\n\tat io.cucumber.testng.AbstractTestNGCucumberTests.runScenario(AbstractTestNGCucumberTests.java:31)\r\n\tat java.base/jdk.internal.reflect.DirectMethodHandleAccessor.invoke(DirectMethodHandleAccessor.java:104)\r\n\tat java.base/java.lang.reflect.Method.invoke(Method.java:577)\r\n\tat org.testng.internal.MethodInvocationHelper.invokeMethod(MethodInvocationHelper.java:133)\r\n\tat org.testng.internal.TestInvoker.invokeMethod(TestInvoker.java:598)\r\n\tat org.testng.internal.TestInvoker.invokeTestMethod(TestInvoker.java:173)\r\n\tat org.testng.internal.MethodRunner.runInSequence(MethodRunner.java:46)\r\n\tat org.testng.internal.TestInvoker$MethodInvocationAgent.invoke(TestInvoker.java:824)\r\n\tat org.testng.internal.TestInvoker.invokeTestMethods(TestInvoker.java:146)\r\n\tat org.testng.internal.TestMethodWorker.invokeTestMethods(TestMethodWorker.java:146)\r\n\tat org.testng.internal.TestMethodWorker.run(TestMethodWorker.java:128)\r\n\tat java.base/java.util.ArrayList.forEach(ArrayList.java:1511)\r\n\tat org.testng.TestRunner.privateRun(TestRunner.java:794)\r\n\tat org.testng.TestRunner.run(TestRunner.java:596)\r\n\tat org.testng.SuiteRunner.runTest(SuiteRunner.java:377)\r\n\tat org.testng.SuiteRunner.runSequentially(SuiteRunner.java:371)\r\n\tat org.testng.SuiteRunner.privateRun(SuiteRunner.java:332)\r\n\tat org.testng.SuiteRunner.run(SuiteRunner.java:276)\r\n\tat org.testng.SuiteRunnerWorker.runSuite(SuiteRunnerWorker.java:53)\r\n\tat org.testng.SuiteRunnerWorker.run(SuiteRunnerWorker.java:96)\r\n\tat org.testng.TestNG.runSuitesSequentially(TestNG.java:1212)\r\n\tat org.testng.TestNG.runSuitesLocally(TestNG.java:1134)\r\n\tat org.testng.TestNG.runSuites(TestNG.java:1063)\r\n\tat org.testng.TestNG.run(TestNG.java:1031)\r\n\tat com.intellij.rt.testng.IDEARemoteTestNG.run(IDEARemoteTestNG.java:66)\r\n\tat com.intellij.rt.testng.RemoteTestNGStarter.main(RemoteTestNGStarter.java:109)\r\n"},"stage":"finished","steps":[{"name":"Given  Go to the Practice Page","statusDetails":{"known":false,"muted":false,"flaky":false,"message":"\"Go to the Practice Page\" matches more than one step definition:\n  \"Go to the Practice Page\" in qa.stori.steps.dropswitchsteps.DropSwitchSteps.go_to_the_practice_page()\n  \"^Go to the Practice Page$\" in qa.stori.steps.alertssteps.AlertSteps.go_to_the_practice_page()","trace":"io.cucumber.core.runner.AmbiguousStepDefinitionsException: \"Go to the Practice Page\" matches more than one step definition:\n  \"Go to the Practice Page\" in qa.stori.steps.dropswitchsteps.DropSwitchSteps.go_to_the_practice_page()\n  \"^Go to the Practice Page$\" in qa.stori.steps.alertssteps.AlertSteps.go_to_the_practice_page()\r\n\tat io.cucumber.core.runner.CachingGlue.findStepDefinitionMatch(CachingGlue.java:373)\r\n\tat io.cucumber.core.runner.CachingGlue.stepDefinitionMatch(CachingGlue.java:341)\r\n\tat io.cucumber.core.runner.Runner.matchStepToStepDefinition(Runner.java:148)\r\n\tat io.cucumber.core.runner.Runner.createTestStepsForPickleSteps(Runner.java:128)\r\n\tat io.cucumber.core.runner.Runner.createTestCaseForPickle(Runner.java:111)\r\n\tat io.cucumber.core.runner.Runner.runPickle(Runner.java:72)\r\n\tat io.cucumber.testng.TestNGCucumberRunner.lambda$runScenario$1(TestNGCucumberRunner.java:134)\r\n\tat io.cucumber.core.runtime.CucumberExecutionContext.runTestCase(CucumberExecutionContext.java:117)\r\n\tat io.cucumber.testng.TestNGCucumberRunner.runScenario(TestNGCucumberRunner.java:131)\r\n\tat io.cucumber.testng.AbstractTestNGCucumberTests.runScenario(AbstractTestNGCucumberTests.java:31)\r\n\tat java.base/jdk.internal.reflect.DirectMethodHandleAccessor.invoke(DirectMethodHandleAccessor.java:104)\r\n\tat java.base/java.lang.reflect.Method.invoke(Method.java:577)\r\n\tat org.testng.internal.MethodInvocationHelper.invokeMethod(MethodInvocationHelper.java:133)\r\n\tat org.testng.internal.TestInvoker.invokeMethod(TestInvoker.java:598)\r\n\tat org.testng.internal.TestInvoker.invokeTestMethod(TestInvoker.java:173)\r\n\tat org.testng.internal.MethodRunner.runInSequence(MethodRunner.java:46)\r\n\tat org.testng.internal.TestInvoker$MethodInvocationAgent.invoke(TestInvoker.java:824)\r\n\tat org.testng.internal.TestInvoker.invokeTestMethods(TestInvoker.java:146)\r\n\tat org.testng.internal.TestMethodWorker.invokeTestMethods(TestMethodWorker.java:146)\r\n\tat org.testng.internal.TestMethodWorker.run(TestMethodWorker.java:128)\r\n\tat java.base/java.util.ArrayList.forEach(ArrayList.java:1511)\r\n\tat org.testng.TestRunner.privateRun(TestRunner.java:794)\r\n\tat org.testng.TestRunner.run(TestRunner.java:596)\r\n\tat org.testng.SuiteRunner.runTest(SuiteRunner.java:377)\r\n\tat org.testng.SuiteRunner.runSequentially(SuiteRunner.java:371)\r\n\tat org.testng.SuiteRunner.privateRun(SuiteRunner.java:332)\r\n\tat org.testng.SuiteRunner.run(SuiteRunner.java:276)\r\n\tat org.testng.SuiteRunnerWorker.runSuite(SuiteRunnerWorker.java:53)\r\n\tat org.testng.SuiteRunnerWorker.run(SuiteRunnerWorker.java:96)\r\n\tat org.testng.TestNG.runSuitesSequentially(TestNG.java:1212)\r\n\tat org.testng.TestNG.runSuitesLocally(TestNG.java:1134)\r\n\tat org.testng.TestNG.runSuites(TestNG.java:1063)\r\n\tat org.testng.TestNG.run(TestNG.java:1031)\r\n\tat com.intellij.rt.testng.IDEARemoteTestNG.run(IDEARemoteTestNG.java:66)\r\n\tat com.intellij.rt.testng.RemoteTestNGStarter.main(RemoteTestNGStarter.java:109)\r\n"},"stage":"finished","steps":[],"attachments":[],"parameters":[],"start":1659864429197,"stop":1659864429200},{"name":"And  In the Switch To Alert Example, type this String “Stori Card” and click the Alert button","status":"skipped","statusDetails":{"known":false,"muted":false,"flaky":false},"stage":"finished","steps":[],"attachments":[],"parameters":[],"start":1659864429200,"stop":1659864429201},{"name":"And  Print the text in the alert and click on OK","status":"skipped","statusDetails":{"known":false,"muted":false,"flaky":false},"stage":"finished","steps":[],"attachments":[],"parameters":[],"start":1659864429201,"stop":1659864429201},{"name":"And  Type again this String “Stori Card” on the same field and click on the Confirm button and print the text","status":"skipped","statusDetails":{"known":false,"muted":false,"flaky":false},"stage":"finished","steps":[],"attachments":[],"parameters":[],"start":1659864429201,"stop":1659864429201},{"name":"Then  Make sure that the String shown equals this “Hello Stori Card, Are you sure you want to confirm?” and click on OK","status":"skipped","statusDetails":{"known":false,"muted":false,"flaky":false},"stage":"finished","steps":[],"attachments":[],"parameters":[],"start":1659864429202,"stop":1659864429202}],"attachments":[],"parameters":[],"start":1659864428207,"stop":1659864429204,"uuid":"4f7b7557-b7bb-4623-ba2c-866049fcc9aa","historyId":"39af58d8015e751a7f65b15cbddb8f21","fullName":"Alerts: TECHCHALLENGE TECHCH003 Validation of Alerts","labels":[{"name":"tag","value":"Alerts"},{"name":"host","value":"DESKTOP-DL76QKM"},{"name":"thread","value":"30316@DESKTOP-DL76QKM.main(1)"},{"name":"feature","value":"Alerts"},{"name":"story","value":"TECHCHALLENGE TECHCH003 Validation of Alerts"},{"name":"suite","value":"Alerts"},{"name":"testClass","value":"TECHCHALLENGE TECHCH003 Validation of Alerts"},{"name":"framework","value":"cucumber4jvm"},{"name":"language","value":"java"},{"name":"gherkin_uri","value":"file:///C:/Stori-QA-Automation-Challenge/src/test/java/tests/features/Alerts.feature"},{"name":"package","value":"src.test.java.tests.features.Alerts_feature.Alerts"}],"links":[]}